<?xml version="1.0" encoding="UTF-8"?>
<!-- Generated by org.testng.reporters.JUnitReportReporter -->
<testsuite hostname="hp" name="Scripts.BaseClass" tests="1" failures="0" timestamp="15 Jul 2018 07:47:47 GMT" time="10.264" errors="0">
  <testcase name="preCondition" time="10.264" classname="Scripts.BaseClass"/>
</testsuite> <!-- Scripts.BaseClass -->
