<?xml version="1.0" encoding="UTF-8"?>
<!-- Generated by org.testng.reporters.JUnitReportReporter -->
<testsuite hostname="hp" name="Scripts.ValidateCart" tests="1" failures="0" timestamp="23 Jul 2018 12:31:45 GMT" time="9.033" errors="0">
  <testcase name="validateClickCart" time="9.033" classname="Scripts.ValidateCart"/>
</testsuite> <!-- Scripts.ValidateCart -->
