<?xml version="1.0" encoding="UTF-8"?>
<!-- Generated by org.testng.reporters.JUnitReportReporter -->
<testsuite hostname="hp" name="Scripts.ValidateC" tests="1" failures="0" timestamp="4 Aug 2018 21:18:17 GMT" time="14.653" errors="0">
  <testcase name="validateClickCart" time="14.653" classname="Scripts.ValidateC"/>
</testsuite> <!-- Scripts.ValidateC -->
